[2018-10-15 07:10:28] request.INFO: Matched route "user_create". {"route_parameters":{"_controller":"Dmcl\\AppBundle\\Controller\\Admin\\UserController::createAction","_locale":"en","_route":"user_create"},"request_uri":"http://localhost:8000/en/admin/user/create"} []
[2018-10-15 07:10:28] security.DEBUG: Read existing security token from the session. {"key":"_security_main"} []
[2018-10-15 07:10:29] security.DEBUG: User was reloaded from a user provider. {"username":"mariaadashboard","provider":"Symfony\\Bridge\\Doctrine\\Security\\User\\EntityUserProvider"} []
[2018-10-15 07:10:31] request.CRITICAL: Uncaught PHP Exception Doctrine\ORM\ORMInvalidArgumentException: "Expected value of type "Dmcl\AppBundle\Entity\RegUsers" for association field "Dmcl\AppBundle\Entity\RegUserlog#$user", got "string" instead." at E:\freelancer_project\max_sweden\xtreamcode\vendor\doctrine\orm\lib\Doctrine\ORM\ORMInvalidArgumentException.php line 206 {"exception":"[object] (Doctrine\\ORM\\ORMInvalidArgumentException(code: 0): Expected value of type \"Dmcl\\AppBundle\\Entity\\RegUsers\" for association field \"Dmcl\\AppBundle\\Entity\\RegUserlog#$user\", got \"string\" instead. at E:\\freelancer_project\\max_sweden\\xtreamcode\\vendor\\doctrine\\orm\\lib\\Doctrine\\ORM\\ORMInvalidArgumentException.php:206)"} []
[2018-10-15 07:10:31] security.DEBUG: Stored the security token in the session. {"key":"_security_main"} []
[2018-10-15 07:58:56] request.INFO: Matched route "logs_ajax". {"route_parameters":{"_controller":"Dmcl\\AppBundle\\Controller\\Admin\\LogsController::ajaxAction","_locale":"en","_route":"logs_ajax"},"request_uri":"http://localhost:8000/en/admin/logs/ajax"} []
[2018-10-15 07:58:56] security.DEBUG: Read existing security token from the session. {"key":"_security_main"} []
[2018-10-15 07:58:58] security.DEBUG: User was reloaded from a user provider. {"username":"mariaadashboard","provider":"Symfony\\Bridge\\Doctrine\\Security\\User\\EntityUserProvider"} []
[2018-10-15 07:58:58] request.CRITICAL: Uncaught PHP Exception Symfony\Component\Debug\Exception\FatalThrowableError: "Type error: Too few arguments to function Dmcl\AppBundle\Repository\RegUserLogRepository::findLogs(), 1 passed in E:\freelancer_project\max_sweden\xtreamcode\src\Dmcl\AppBundle\Controller\Admin\LogsController.php on line 44 and exactly 3 expected" at E:\freelancer_project\max_sweden\xtreamcode\src\Dmcl\AppBundle\Repository\RegUserLogRepository.php line 15 {"exception":"[object] (Symfony\\Component\\Debug\\Exception\\FatalThrowableError(code: 0): Type error: Too few arguments to function Dmcl\\AppBundle\\Repository\\RegUserLogRepository::findLogs(), 1 passed in E:\\freelancer_project\\max_sweden\\xtreamcode\\src\\Dmcl\\AppBundle\\Controller\\Admin\\LogsController.php on line 44 and exactly 3 expected at E:\\freelancer_project\\max_sweden\\xtreamcode\\src\\Dmcl\\AppBundle\\Repository\\RegUserLogRepository.php:15)"} []
[2018-10-15 07:58:58] security.DEBUG: Stored the security token in the session. {"key":"_security_main"} []
[2018-10-15 07:58:58] request.INFO: Matched route "logs_ajax". {"route_parameters":{"_controller":"Dmcl\\AppBundle\\Controller\\Admin\\LogsController::ajaxAction","_locale":"en","_route":"logs_ajax"},"request_uri":"http://localhost:8000/en/admin/logs/ajax"} []
[2018-10-15 07:58:58] security.DEBUG: Read existing security token from the session. {"key":"_security_main"} []
[2018-10-15 07:59:00] security.DEBUG: User was reloaded from a user provider. {"username":"mariaadashboard","provider":"Symfony\\Bridge\\Doctrine\\Security\\User\\EntityUserProvider"} []
[2018-10-15 07:59:00] request.CRITICAL: Uncaught PHP Exception Symfony\Component\Debug\Exception\FatalThrowableError: "Type error: Too few arguments to function Dmcl\AppBundle\Repository\RegUserLogRepository::findLogs(), 1 passed in E:\freelancer_project\max_sweden\xtreamcode\src\Dmcl\AppBundle\Controller\Admin\LogsController.php on line 44 and exactly 3 expected" at E:\freelancer_project\max_sweden\xtreamcode\src\Dmcl\AppBundle\Repository\RegUserLogRepository.php line 15 {"exception":"[object] (Symfony\\Component\\Debug\\Exception\\FatalThrowableError(code: 0): Type error: Too few arguments to function Dmcl\\AppBundle\\Repository\\RegUserLogRepository::findLogs(), 1 passed in E:\\freelancer_project\\max_sweden\\xtreamcode\\src\\Dmcl\\AppBundle\\Controller\\Admin\\LogsController.php on line 44 and exactly 3 expected at E:\\freelancer_project\\max_sweden\\xtreamcode\\src\\Dmcl\\AppBundle\\Repository\\RegUserLogRepository.php:15)"} []
[2018-10-15 07:59:00] security.DEBUG: Stored the security token in the session. {"key":"_security_main"} []
[2018-10-15 08:09:19] request.INFO: Matched route "logs_ajax". {"route_parameters":{"_controller":"Dmcl\\AppBundle\\Controller\\Admin\\LogsController::ajaxAction","_locale":"en","_route":"logs_ajax"},"request_uri":"http://localhost:8000/en/admin/logs/ajax"} []
[2018-10-15 08:09:19] security.DEBUG: Read existing security token from the session. {"key":"_security_main"} []
[2018-10-15 08:09:20] security.DEBUG: User was reloaded from a user provider. {"username":"mariaadashboard","provider":"Symfony\\Bridge\\Doctrine\\Security\\User\\EntityUserProvider"} []
[2018-10-15 08:09:21] request.CRITICAL: Uncaught PHP Exception BadMethodCallException: "Undefined method 'count'. The method name must start with either findBy or findOneBy!" at E:\freelancer_project\max_sweden\xtreamcode\vendor\doctrine\orm\lib\Doctrine\ORM\EntityRepository.php line 226 {"exception":"[object] (BadMethodCallException(code: 0): Undefined method 'count'. The method name must start with either findBy or findOneBy! at E:\\freelancer_project\\max_sweden\\xtreamcode\\vendor\\doctrine\\orm\\lib\\Doctrine\\ORM\\EntityRepository.php:226)"} []
[2018-10-15 08:09:21] security.DEBUG: Stored the security token in the session. {"key":"_security_main"} []
[2018-10-15 08:09:21] request.INFO: Matched route "logs_ajax". {"route_parameters":{"_controller":"Dmcl\\AppBundle\\Controller\\Admin\\LogsController::ajaxAction","_locale":"en","_route":"logs_ajax"},"request_uri":"http://localhost:8000/en/admin/logs/ajax"} []
[2018-10-15 08:09:21] security.DEBUG: Read existing security token from the session. {"key":"_security_main"} []
[2018-10-15 08:09:22] security.DEBUG: User was reloaded from a user provider. {"username":"mariaadashboard","provider":"Symfony\\Bridge\\Doctrine\\Security\\User\\EntityUserProvider"} []
[2018-10-15 08:09:23] request.CRITICAL: Uncaught PHP Exception BadMethodCallException: "Undefined method 'count'. The method name must start with either findBy or findOneBy!" at E:\freelancer_project\max_sweden\xtreamcode\vendor\doctrine\orm\lib\Doctrine\ORM\EntityRepository.php line 226 {"exception":"[object] (BadMethodCallException(code: 0): Undefined method 'count'. The method name must start with either findBy or findOneBy! at E:\\freelancer_project\\max_sweden\\xtreamcode\\vendor\\doctrine\\orm\\lib\\Doctrine\\ORM\\EntityRepository.php:226)"} []
[2018-10-15 08:09:23] security.DEBUG: Stored the security token in the session. {"key":"_security_main"} []
[2018-10-15 08:10:07] request.INFO: Matched route "logs_ajax". {"route_parameters":{"_controller":"Dmcl\\AppBundle\\Controller\\Admin\\LogsController::ajaxAction","_locale":"en","_route":"logs_ajax"},"request_uri":"http://localhost:8000/en/admin/logs/ajax"} []
[2018-10-15 08:10:07] security.DEBUG: Read existing security token from the session. {"key":"_security_main"} []
[2018-10-15 08:10:08] security.DEBUG: User was reloaded from a user provider. {"username":"mariaadashboard","provider":"Symfony\\Bridge\\Doctrine\\Security\\User\\EntityUserProvider"} []
[2018-10-15 08:10:09] request.CRITICAL: Uncaught PHP Exception BadMethodCallException: "Undefined method 'count'. The method name must start with either findBy or findOneBy!" at E:\freelancer_project\max_sweden\xtreamcode\vendor\doctrine\orm\lib\Doctrine\ORM\EntityRepository.php line 226 {"exception":"[object] (BadMethodCallException(code: 0): Undefined method 'count'. The method name must start with either findBy or findOneBy! at E:\\freelancer_project\\max_sweden\\xtreamcode\\vendor\\doctrine\\orm\\lib\\Doctrine\\ORM\\EntityRepository.php:226)"} []
[2018-10-15 08:10:09] security.DEBUG: Stored the security token in the session. {"key":"_security_main"} []
[2018-10-15 08:10:09] request.INFO: Matched route "logs_ajax". {"route_parameters":{"_controller":"Dmcl\\AppBundle\\Controller\\Admin\\LogsController::ajaxAction","_locale":"en","_route":"logs_ajax"},"request_uri":"http://localhost:8000/en/admin/logs/ajax"} []
[2018-10-15 08:10:09] security.DEBUG: Read existing security token from the session. {"key":"_security_main"} []
[2018-10-15 08:10:10] security.DEBUG: User was reloaded from a user provider. {"username":"mariaadashboard","provider":"Symfony\\Bridge\\Doctrine\\Security\\User\\EntityUserProvider"} []
[2018-10-15 08:10:11] request.CRITICAL: Uncaught PHP Exception BadMethodCallException: "Undefined method 'count'. The method name must start with either findBy or findOneBy!" at E:\freelancer_project\max_sweden\xtreamcode\vendor\doctrine\orm\lib\Doctrine\ORM\EntityRepository.php line 226 {"exception":"[object] (BadMethodCallException(code: 0): Undefined method 'count'. The method name must start with either findBy or findOneBy! at E:\\freelancer_project\\max_sweden\\xtreamcode\\vendor\\doctrine\\orm\\lib\\Doctrine\\ORM\\EntityRepository.php:226)"} []
[2018-10-15 08:10:11] security.DEBUG: Stored the security token in the session. {"key":"_security_main"} []
[2018-10-15 08:10:53] request.INFO: Matched route "logs_ajax". {"route_parameters":{"_controller":"Dmcl\\AppBundle\\Controller\\Admin\\LogsController::ajaxAction","_locale":"en","_route":"logs_ajax"},"request_uri":"http://localhost:8000/en/admin/logs/ajax"} []
[2018-10-15 08:10:53] security.DEBUG: Read existing security token from the session. {"key":"_security_main"} []
[2018-10-15 08:10:54] security.DEBUG: User was reloaded from a user provider. {"username":"mariaadashboard","provider":"Symfony\\Bridge\\Doctrine\\Security\\User\\EntityUserProvider"} []
[2018-10-15 08:10:55] request.CRITICAL: Uncaught PHP Exception BadMethodCallException: "Undefined method 'count'. The method name must start with either findBy or findOneBy!" at E:\freelancer_project\max_sweden\xtreamcode\vendor\doctrine\orm\lib\Doctrine\ORM\EntityRepository.php line 226 {"exception":"[object] (BadMethodCallException(code: 0): Undefined method 'count'. The method name must start with either findBy or findOneBy! at E:\\freelancer_project\\max_sweden\\xtreamcode\\vendor\\doctrine\\orm\\lib\\Doctrine\\ORM\\EntityRepository.php:226)"} []
[2018-10-15 08:10:55] security.DEBUG: Stored the security token in the session. {"key":"_security_main"} []
[2018-10-15 08:10:55] request.INFO: Matched route "logs_ajax". {"route_parameters":{"_controller":"Dmcl\\AppBundle\\Controller\\Admin\\LogsController::ajaxAction","_locale":"en","_route":"logs_ajax"},"request_uri":"http://localhost:8000/en/admin/logs/ajax"} []
[2018-10-15 08:10:55] security.DEBUG: Read existing security token from the session. {"key":"_security_main"} []
[2018-10-15 08:10:57] security.DEBUG: User was reloaded from a user provider. {"username":"mariaadashboard","provider":"Symfony\\Bridge\\Doctrine\\Security\\User\\EntityUserProvider"} []
[2018-10-15 08:10:57] request.CRITICAL: Uncaught PHP Exception BadMethodCallException: "Undefined method 'count'. The method name must start with either findBy or findOneBy!" at E:\freelancer_project\max_sweden\xtreamcode\vendor\doctrine\orm\lib\Doctrine\ORM\EntityRepository.php line 226 {"exception":"[object] (BadMethodCallException(code: 0): Undefined method 'count'. The method name must start with either findBy or findOneBy! at E:\\freelancer_project\\max_sweden\\xtreamcode\\vendor\\doctrine\\orm\\lib\\Doctrine\\ORM\\EntityRepository.php:226)"} []
[2018-10-15 08:10:57] security.DEBUG: Stored the security token in the session. {"key":"_security_main"} []
[2018-10-15 08:11:20] request.INFO: Matched route "logs_ajax". {"route_parameters":{"_controller":"Dmcl\\AppBundle\\Controller\\Admin\\LogsController::ajaxAction","_locale":"en","_route":"logs_ajax"},"request_uri":"http://localhost:8000/en/admin/logs/ajax"} []
[2018-10-15 08:11:20] security.DEBUG: Read existing security token from the session. {"key":"_security_main"} []
[2018-10-15 08:11:21] security.DEBUG: User was reloaded from a user provider. {"username":"mariaadashboard","provider":"Symfony\\Bridge\\Doctrine\\Security\\User\\EntityUserProvider"} []
[2018-10-15 08:11:22] request.CRITICAL: Uncaught PHP Exception BadMethodCallException: "Undefined method 'count'. The method name must start with either findBy or findOneBy!" at E:\freelancer_project\max_sweden\xtreamcode\vendor\doctrine\orm\lib\Doctrine\ORM\EntityRepository.php line 226 {"exception":"[object] (BadMethodCallException(code: 0): Undefined method 'count'. The method name must start with either findBy or findOneBy! at E:\\freelancer_project\\max_sweden\\xtreamcode\\vendor\\doctrine\\orm\\lib\\Doctrine\\ORM\\EntityRepository.php:226)"} []
[2018-10-15 08:11:22] security.DEBUG: Stored the security token in the session. {"key":"_security_main"} []
[2018-10-15 08:11:22] request.INFO: Matched route "logs_ajax". {"route_parameters":{"_controller":"Dmcl\\AppBundle\\Controller\\Admin\\LogsController::ajaxAction","_locale":"en","_route":"logs_ajax"},"request_uri":"http://localhost:8000/en/admin/logs/ajax"} []
[2018-10-15 08:11:22] security.DEBUG: Read existing security token from the session. {"key":"_security_main"} []
[2018-10-15 08:11:24] security.DEBUG: User was reloaded from a user provider. {"username":"mariaadashboard","provider":"Symfony\\Bridge\\Doctrine\\Security\\User\\EntityUserProvider"} []
[2018-10-15 08:11:24] request.CRITICAL: Uncaught PHP Exception BadMethodCallException: "Undefined method 'count'. The method name must start with either findBy or findOneBy!" at E:\freelancer_project\max_sweden\xtreamcode\vendor\doctrine\orm\lib\Doctrine\ORM\EntityRepository.php line 226 {"exception":"[object] (BadMethodCallException(code: 0): Undefined method 'count'. The method name must start with either findBy or findOneBy! at E:\\freelancer_project\\max_sweden\\xtreamcode\\vendor\\doctrine\\orm\\lib\\Doctrine\\ORM\\EntityRepository.php:226)"} []
[2018-10-15 08:11:24] security.DEBUG: Stored the security token in the session. {"key":"_security_main"} []
[2018-10-15 08:12:55] request.INFO: Matched route "logs_ajax". {"route_parameters":{"_controller":"Dmcl\\AppBundle\\Controller\\Admin\\LogsController::ajaxAction","_locale":"en","_route":"logs_ajax"},"request_uri":"http://localhost:8000/en/admin/logs/ajax"} []
[2018-10-15 08:12:55] security.DEBUG: Read existing security token from the session. {"key":"_security_main"} []
[2018-10-15 08:12:57] security.DEBUG: User was reloaded from a user provider. {"username":"mariaadashboard","provider":"Symfony\\Bridge\\Doctrine\\Security\\User\\EntityUserProvider"} []
[2018-10-15 08:12:58] request.CRITICAL: Uncaught PHP Exception BadMethodCallException: "Undefined method 'count'. The method name must start with either findBy or findOneBy!" at E:\freelancer_project\max_sweden\xtreamcode\vendor\doctrine\orm\lib\Doctrine\ORM\EntityRepository.php line 226 {"exception":"[object] (BadMethodCallException(code: 0): Undefined method 'count'. The method name must start with either findBy or findOneBy! at E:\\freelancer_project\\max_sweden\\xtreamcode\\vendor\\doctrine\\orm\\lib\\Doctrine\\ORM\\EntityRepository.php:226)"} []
[2018-10-15 08:12:58] security.DEBUG: Stored the security token in the session. {"key":"_security_main"} []
[2018-10-15 08:12:58] request.INFO: Matched route "logs_ajax". {"route_parameters":{"_controller":"Dmcl\\AppBundle\\Controller\\Admin\\LogsController::ajaxAction","_locale":"en","_route":"logs_ajax"},"request_uri":"http://localhost:8000/en/admin/logs/ajax"} []
[2018-10-15 08:12:58] security.DEBUG: Read existing security token from the session. {"key":"_security_main"} []
[2018-10-15 08:12:59] security.DEBUG: User was reloaded from a user provider. {"username":"mariaadashboard","provider":"Symfony\\Bridge\\Doctrine\\Security\\User\\EntityUserProvider"} []
[2018-10-15 08:13:00] request.CRITICAL: Uncaught PHP Exception BadMethodCallException: "Undefined method 'count'. The method name must start with either findBy or findOneBy!" at E:\freelancer_project\max_sweden\xtreamcode\vendor\doctrine\orm\lib\Doctrine\ORM\EntityRepository.php line 226 {"exception":"[object] (BadMethodCallException(code: 0): Undefined method 'count'. The method name must start with either findBy or findOneBy! at E:\\freelancer_project\\max_sweden\\xtreamcode\\vendor\\doctrine\\orm\\lib\\Doctrine\\ORM\\EntityRepository.php:226)"} []
[2018-10-15 08:13:00] security.DEBUG: Stored the security token in the session. {"key":"_security_main"} []
[2018-10-15 08:15:10] request.INFO: Matched route "logs_ajax". {"route_parameters":{"_controller":"Dmcl\\AppBundle\\Controller\\Admin\\LogsController::ajaxAction","_locale":"en","_route":"logs_ajax"},"request_uri":"http://localhost:8000/en/admin/logs/ajax"} []
[2018-10-15 08:15:10] security.DEBUG: Read existing security token from the session. {"key":"_security_main"} []
[2018-10-15 08:15:12] security.DEBUG: User was reloaded from a user provider. {"username":"mariaadashboard","provider":"Symfony\\Bridge\\Doctrine\\Security\\User\\EntityUserProvider"} []
[2018-10-15 08:15:12] request.CRITICAL: Uncaught PHP Exception BadMethodCallException: "Undefined method 'count'. The method name must start with either findBy or findOneBy!" at E:\freelancer_project\max_sweden\xtreamcode\vendor\doctrine\orm\lib\Doctrine\ORM\EntityRepository.php line 226 {"exception":"[object] (BadMethodCallException(code: 0): Undefined method 'count'. The method name must start with either findBy or findOneBy! at E:\\freelancer_project\\max_sweden\\xtreamcode\\vendor\\doctrine\\orm\\lib\\Doctrine\\ORM\\EntityRepository.php:226)"} []
[2018-10-15 08:15:12] security.DEBUG: Stored the security token in the session. {"key":"_security_main"} []
[2018-10-15 08:15:12] request.INFO: Matched route "logs_ajax". {"route_parameters":{"_controller":"Dmcl\\AppBundle\\Controller\\Admin\\LogsController::ajaxAction","_locale":"en","_route":"logs_ajax"},"request_uri":"http://localhost:8000/en/admin/logs/ajax"} []
[2018-10-15 08:15:12] security.DEBUG: Read existing security token from the session. {"key":"_security_main"} []
[2018-10-15 08:15:14] security.DEBUG: User was reloaded from a user provider. {"username":"mariaadashboard","provider":"Symfony\\Bridge\\Doctrine\\Security\\User\\EntityUserProvider"} []
[2018-10-15 08:15:15] request.CRITICAL: Uncaught PHP Exception BadMethodCallException: "Undefined method 'count'. The method name must start with either findBy or findOneBy!" at E:\freelancer_project\max_sweden\xtreamcode\vendor\doctrine\orm\lib\Doctrine\ORM\EntityRepository.php line 226 {"exception":"[object] (BadMethodCallException(code: 0): Undefined method 'count'. The method name must start with either findBy or findOneBy! at E:\\freelancer_project\\max_sweden\\xtreamcode\\vendor\\doctrine\\orm\\lib\\Doctrine\\ORM\\EntityRepository.php:226)"} []
[2018-10-15 08:15:15] security.DEBUG: Stored the security token in the session. {"key":"_security_main"} []
[2018-10-15 08:15:36] request.INFO: Matched route "logs_ajax". {"route_parameters":{"_controller":"Dmcl\\AppBundle\\Controller\\Admin\\LogsController::ajaxAction","_locale":"en","_route":"logs_ajax"},"request_uri":"http://localhost:8000/en/admin/logs/ajax"} []
[2018-10-15 08:15:36] security.DEBUG: Read existing security token from the session. {"key":"_security_main"} []
[2018-10-15 08:15:37] security.DEBUG: User was reloaded from a user provider. {"username":"mariaadashboard","provider":"Symfony\\Bridge\\Doctrine\\Security\\User\\EntityUserProvider"} []
[2018-10-15 08:15:38] request.CRITICAL: Uncaught PHP Exception BadMethodCallException: "Undefined method 'count'. The method name must start with either findBy or findOneBy!" at E:\freelancer_project\max_sweden\xtreamcode\vendor\doctrine\orm\lib\Doctrine\ORM\EntityRepository.php line 226 {"exception":"[object] (BadMethodCallException(code: 0): Undefined method 'count'. The method name must start with either findBy or findOneBy! at E:\\freelancer_project\\max_sweden\\xtreamcode\\vendor\\doctrine\\orm\\lib\\Doctrine\\ORM\\EntityRepository.php:226)"} []
[2018-10-15 08:15:38] security.DEBUG: Stored the security token in the session. {"key":"_security_main"} []
[2018-10-15 08:15:38] request.INFO: Matched route "logs_ajax". {"route_parameters":{"_controller":"Dmcl\\AppBundle\\Controller\\Admin\\LogsController::ajaxAction","_locale":"en","_route":"logs_ajax"},"request_uri":"http://localhost:8000/en/admin/logs/ajax"} []
[2018-10-15 08:15:38] security.DEBUG: Read existing security token from the session. {"key":"_security_main"} []
[2018-10-15 08:15:39] security.DEBUG: User was reloaded from a user provider. {"username":"mariaadashboard","provider":"Symfony\\Bridge\\Doctrine\\Security\\User\\EntityUserProvider"} []
[2018-10-15 08:15:40] request.CRITICAL: Uncaught PHP Exception BadMethodCallException: "Undefined method 'count'. The method name must start with either findBy or findOneBy!" at E:\freelancer_project\max_sweden\xtreamcode\vendor\doctrine\orm\lib\Doctrine\ORM\EntityRepository.php line 226 {"exception":"[object] (BadMethodCallException(code: 0): Undefined method 'count'. The method name must start with either findBy or findOneBy! at E:\\freelancer_project\\max_sweden\\xtreamcode\\vendor\\doctrine\\orm\\lib\\Doctrine\\ORM\\EntityRepository.php:226)"} []
[2018-10-15 08:15:40] security.DEBUG: Stored the security token in the session. {"key":"_security_main"} []
[2018-10-15 08:22:51] request.INFO: Matched route "logs_ajax". {"route_parameters":{"_controller":"Dmcl\\AppBundle\\Controller\\Admin\\LogsController::ajaxAction","_locale":"en","_route":"logs_ajax"},"request_uri":"http://localhost:8000/en/admin/logs/ajax"} []
[2018-10-15 08:22:51] security.DEBUG: Read existing security token from the session. {"key":"_security_main"} []
[2018-10-15 08:22:53] security.DEBUG: User was reloaded from a user provider. {"username":"mariaadashboard","provider":"Symfony\\Bridge\\Doctrine\\Security\\User\\EntityUserProvider"} []
[2018-10-15 08:22:54] request.CRITICAL: Uncaught PHP Exception Symfony\Component\Debug\Exception\FatalThrowableError: "Type error: Argument 1 passed to Doctrine\ORM\Tools\Pagination\Paginator::cloneQuery() must be an instance of Doctrine\ORM\Query, null given, called in E:\freelancer_project\max_sweden\xtreamcode\vendor\doctrine\orm\lib\Doctrine\ORM\Tools\Pagination\Paginator.php on line 242" at E:\freelancer_project\max_sweden\xtreamcode\vendor\doctrine\orm\lib\Doctrine\ORM\Tools\Pagination\Paginator.php line 185 {"exception":"[object] (Symfony\\Component\\Debug\\Exception\\FatalThrowableError(code: 0): Type error: Argument 1 passed to Doctrine\\ORM\\Tools\\Pagination\\Paginator::cloneQuery() must be an instance of Doctrine\\ORM\\Query, null given, called in E:\\freelancer_project\\max_sweden\\xtreamcode\\vendor\\doctrine\\orm\\lib\\Doctrine\\ORM\\Tools\\Pagination\\Paginator.php on line 242 at E:\\freelancer_project\\max_sweden\\xtreamcode\\vendor\\doctrine\\orm\\lib\\Doctrine\\ORM\\Tools\\Pagination\\Paginator.php:185)"} []
[2018-10-15 08:22:54] security.DEBUG: Stored the security token in the session. {"key":"_security_main"} []
[2018-10-15 08:22:54] request.INFO: Matched route "logs_ajax". {"route_parameters":{"_controller":"Dmcl\\AppBundle\\Controller\\Admin\\LogsController::ajaxAction","_locale":"en","_route":"logs_ajax"},"request_uri":"http://localhost:8000/en/admin/logs/ajax"} []
[2018-10-15 08:22:54] security.DEBUG: Read existing security token from the session. {"key":"_security_main"} []
[2018-10-15 08:22:56] security.DEBUG: User was reloaded from a user provider. {"username":"mariaadashboard","provider":"Symfony\\Bridge\\Doctrine\\Security\\User\\EntityUserProvider"} []
[2018-10-15 08:22:56] request.CRITICAL: Uncaught PHP Exception Symfony\Component\Debug\Exception\FatalThrowableError: "Type error: Argument 1 passed to Doctrine\ORM\Tools\Pagination\Paginator::cloneQuery() must be an instance of Doctrine\ORM\Query, null given, called in E:\freelancer_project\max_sweden\xtreamcode\vendor\doctrine\orm\lib\Doctrine\ORM\Tools\Pagination\Paginator.php on line 242" at E:\freelancer_project\max_sweden\xtreamcode\vendor\doctrine\orm\lib\Doctrine\ORM\Tools\Pagination\Paginator.php line 185 {"exception":"[object] (Symfony\\Component\\Debug\\Exception\\FatalThrowableError(code: 0): Type error: Argument 1 passed to Doctrine\\ORM\\Tools\\Pagination\\Paginator::cloneQuery() must be an instance of Doctrine\\ORM\\Query, null given, called in E:\\freelancer_project\\max_sweden\\xtreamcode\\vendor\\doctrine\\orm\\lib\\Doctrine\\ORM\\Tools\\Pagination\\Paginator.php on line 242 at E:\\freelancer_project\\max_sweden\\xtreamcode\\vendor\\doctrine\\orm\\lib\\Doctrine\\ORM\\Tools\\Pagination\\Paginator.php:185)"} []
[2018-10-15 08:22:56] security.DEBUG: Stored the security token in the session. {"key":"_security_main"} []
[2018-10-15 08:24:12] request.INFO: Matched route "logs_ajax". {"route_parameters":{"_controller":"Dmcl\\AppBundle\\Controller\\Admin\\LogsController::ajaxAction","_locale":"en","_route":"logs_ajax"},"request_uri":"http://localhost:8000/en/admin/logs/ajax"} []
[2018-10-15 08:24:12] security.DEBUG: Read existing security token from the session. {"key":"_security_main"} []
[2018-10-15 08:24:14] security.DEBUG: User was reloaded from a user provider. {"username":"mariaadashboard","provider":"Symfony\\Bridge\\Doctrine\\Security\\User\\EntityUserProvider"} []
[2018-10-15 08:24:15] request.CRITICAL: Uncaught PHP Exception BadMethodCallException: "Undefined method 'count'. The method name must start with either findBy or findOneBy!" at E:\freelancer_project\max_sweden\xtreamcode\vendor\doctrine\orm\lib\Doctrine\ORM\EntityRepository.php line 226 {"exception":"[object] (BadMethodCallException(code: 0): Undefined method 'count'. The method name must start with either findBy or findOneBy! at E:\\freelancer_project\\max_sweden\\xtreamcode\\vendor\\doctrine\\orm\\lib\\Doctrine\\ORM\\EntityRepository.php:226)"} []
[2018-10-15 08:24:15] security.DEBUG: Stored the security token in the session. {"key":"_security_main"} []
[2018-10-15 08:24:15] request.INFO: Matched route "logs_ajax". {"route_parameters":{"_controller":"Dmcl\\AppBundle\\Controller\\Admin\\LogsController::ajaxAction","_locale":"en","_route":"logs_ajax"},"request_uri":"http://localhost:8000/en/admin/logs/ajax"} []
[2018-10-15 08:24:15] security.DEBUG: Read existing security token from the session. {"key":"_security_main"} []
[2018-10-15 08:24:17] security.DEBUG: User was reloaded from a user provider. {"username":"mariaadashboard","provider":"Symfony\\Bridge\\Doctrine\\Security\\User\\EntityUserProvider"} []
[2018-10-15 08:24:17] request.CRITICAL: Uncaught PHP Exception BadMethodCallException: "Undefined method 'count'. The method name must start with either findBy or findOneBy!" at E:\freelancer_project\max_sweden\xtreamcode\vendor\doctrine\orm\lib\Doctrine\ORM\EntityRepository.php line 226 {"exception":"[object] (BadMethodCallException(code: 0): Undefined method 'count'. The method name must start with either findBy or findOneBy! at E:\\freelancer_project\\max_sweden\\xtreamcode\\vendor\\doctrine\\orm\\lib\\Doctrine\\ORM\\EntityRepository.php:226)"} []
[2018-10-15 08:24:17] security.DEBUG: Stored the security token in the session. {"key":"_security_main"} []
[2018-10-15 08:24:44] request.INFO: Matched route "logs_ajax". {"route_parameters":{"_controller":"Dmcl\\AppBundle\\Controller\\Admin\\LogsController::ajaxAction","_locale":"en","_route":"logs_ajax"},"request_uri":"http://localhost:8000/en/admin/logs/ajax"} []
[2018-10-15 08:24:44] security.DEBUG: Read existing security token from the session. {"key":"_security_main"} []
[2018-10-15 08:24:46] security.DEBUG: User was reloaded from a user provider. {"username":"mariaadashboard","provider":"Symfony\\Bridge\\Doctrine\\Security\\User\\EntityUserProvider"} []
[2018-10-15 08:24:46] request.CRITICAL: Uncaught PHP Exception BadMethodCallException: "Undefined method 'count'. The method name must start with either findBy or findOneBy!" at E:\freelancer_project\max_sweden\xtreamcode\vendor\doctrine\orm\lib\Doctrine\ORM\EntityRepository.php line 226 {"exception":"[object] (BadMethodCallException(code: 0): Undefined method 'count'. The method name must start with either findBy or findOneBy! at E:\\freelancer_project\\max_sweden\\xtreamcode\\vendor\\doctrine\\orm\\lib\\Doctrine\\ORM\\EntityRepository.php:226)"} []
[2018-10-15 08:24:46] security.DEBUG: Stored the security token in the session. {"key":"_security_main"} []
[2018-10-15 08:24:46] request.INFO: Matched route "logs_ajax". {"route_parameters":{"_controller":"Dmcl\\AppBundle\\Controller\\Admin\\LogsController::ajaxAction","_locale":"en","_route":"logs_ajax"},"request_uri":"http://localhost:8000/en/admin/logs/ajax"} []
[2018-10-15 08:24:46] security.DEBUG: Read existing security token from the session. {"key":"_security_main"} []
[2018-10-15 08:24:48] security.DEBUG: User was reloaded from a user provider. {"username":"mariaadashboard","provider":"Symfony\\Bridge\\Doctrine\\Security\\User\\EntityUserProvider"} []
[2018-10-15 08:24:48] request.CRITICAL: Uncaught PHP Exception BadMethodCallException: "Undefined method 'count'. The method name must start with either findBy or findOneBy!" at E:\freelancer_project\max_sweden\xtreamcode\vendor\doctrine\orm\lib\Doctrine\ORM\EntityRepository.php line 226 {"exception":"[object] (BadMethodCallException(code: 0): Undefined method 'count'. The method name must start with either findBy or findOneBy! at E:\\freelancer_project\\max_sweden\\xtreamcode\\vendor\\doctrine\\orm\\lib\\Doctrine\\ORM\\EntityRepository.php:226)"} []
[2018-10-15 08:24:48] security.DEBUG: Stored the security token in the session. {"key":"_security_main"} []
[2018-10-15 08:25:38] request.INFO: Matched route "logs_ajax". {"route_parameters":{"_controller":"Dmcl\\AppBundle\\Controller\\Admin\\LogsController::ajaxAction","_locale":"en","_route":"logs_ajax"},"request_uri":"http://localhost:8000/en/admin/logs/ajax"} []
[2018-10-15 08:25:38] security.DEBUG: Read existing security token from the session. {"key":"_security_main"} []
[2018-10-15 08:25:40] security.DEBUG: User was reloaded from a user provider. {"username":"mariaadashboard","provider":"Symfony\\Bridge\\Doctrine\\Security\\User\\EntityUserProvider"} []
[2018-10-15 08:25:50] request.CRITICAL: Uncaught PHP Exception Symfony\Component\Debug\Exception\OutOfMemoryException: "Error: Allowed memory size of 134217728 bytes exhausted (tried to allocate 6291464 bytes)" at E:\freelancer_project\max_sweden\xtreamcode\vendor\doctrine\orm\lib\Doctrine\ORM\Internal\Hydration\SimpleObjectHydrator.php line 149 {"exception":"[object] (Symfony\\Component\\Debug\\Exception\\OutOfMemoryException(code: 0): Error: Allowed memory size of 134217728 bytes exhausted (tried to allocate 6291464 bytes) at E:\\freelancer_project\\max_sweden\\xtreamcode\\vendor\\doctrine\\orm\\lib\\Doctrine\\ORM\\Internal\\Hydration\\SimpleObjectHydrator.php:149)"} []
[2018-10-15 08:25:50] security.DEBUG: Stored the security token in the session. {"key":"_security_main"} []
[2018-10-15 08:25:51] request.INFO: Matched route "logs_ajax". {"route_parameters":{"_controller":"Dmcl\\AppBundle\\Controller\\Admin\\LogsController::ajaxAction","_locale":"en","_route":"logs_ajax"},"request_uri":"http://localhost:8000/en/admin/logs/ajax"} []
[2018-10-15 08:25:51] security.DEBUG: Read existing security token from the session. {"key":"_security_main"} []
[2018-10-15 08:25:52] security.DEBUG: User was reloaded from a user provider. {"username":"mariaadashboard","provider":"Symfony\\Bridge\\Doctrine\\Security\\User\\EntityUserProvider"} []
[2018-10-15 08:26:02] request.CRITICAL: Uncaught PHP Exception Symfony\Component\Debug\Exception\FatalThrowableError: "Call to a member function count() on array" at E:\freelancer_project\max_sweden\xtreamcode\src\Dmcl\AppBundle\Controller\Admin\LogsController.php line 47 {"exception":"[object] (Symfony\\Component\\Debug\\Exception\\FatalThrowableError(code: 0): Call to a member function count() on array at E:\\freelancer_project\\max_sweden\\xtreamcode\\src\\Dmcl\\AppBundle\\Controller\\Admin\\LogsController.php:47)"} []
[2018-10-15 08:26:02] security.DEBUG: Stored the security token in the session. {"key":"_security_main"} []
[2018-10-15 08:27:49] request.INFO: Matched route "logs_ajax". {"route_parameters":{"_controller":"Dmcl\\AppBundle\\Controller\\Admin\\LogsController::ajaxAction","_locale":"en","_route":"logs_ajax"},"request_uri":"http://localhost:8000/en/admin/logs/ajax"} []
[2018-10-15 08:27:49] security.DEBUG: Read existing security token from the session. {"key":"_security_main"} []
[2018-10-15 08:27:51] security.DEBUG: User was reloaded from a user provider. {"username":"mariaadashboard","provider":"Symfony\\Bridge\\Doctrine\\Security\\User\\EntityUserProvider"} []
[2018-10-15 08:27:51] request.CRITICAL: Uncaught PHP Exception BadMethodCallException: "Undefined method 'rowCount'. The method name must start with either findBy or findOneBy!" at E:\freelancer_project\max_sweden\xtreamcode\vendor\doctrine\orm\lib\Doctrine\ORM\EntityRepository.php line 226 {"exception":"[object] (BadMethodCallException(code: 0): Undefined method 'rowCount'. The method name must start with either findBy or findOneBy! at E:\\freelancer_project\\max_sweden\\xtreamcode\\vendor\\doctrine\\orm\\lib\\Doctrine\\ORM\\EntityRepository.php:226)"} []
[2018-10-15 08:27:51] security.DEBUG: Stored the security token in the session. {"key":"_security_main"} []
[2018-10-15 08:27:52] request.INFO: Matched route "logs_ajax". {"route_parameters":{"_controller":"Dmcl\\AppBundle\\Controller\\Admin\\LogsController::ajaxAction","_locale":"en","_route":"logs_ajax"},"request_uri":"http://localhost:8000/en/admin/logs/ajax"} []
[2018-10-15 08:27:52] security.DEBUG: Read existing security token from the session. {"key":"_security_main"} []
[2018-10-15 08:27:54] security.DEBUG: User was reloaded from a user provider. {"username":"mariaadashboard","provider":"Symfony\\Bridge\\Doctrine\\Security\\User\\EntityUserProvider"} []
[2018-10-15 08:27:54] request.CRITICAL: Uncaught PHP Exception BadMethodCallException: "Undefined method 'rowCount'. The method name must start with either findBy or findOneBy!" at E:\freelancer_project\max_sweden\xtreamcode\vendor\doctrine\orm\lib\Doctrine\ORM\EntityRepository.php line 226 {"exception":"[object] (BadMethodCallException(code: 0): Undefined method 'rowCount'. The method name must start with either findBy or findOneBy! at E:\\freelancer_project\\max_sweden\\xtreamcode\\vendor\\doctrine\\orm\\lib\\Doctrine\\ORM\\EntityRepository.php:226)"} []
[2018-10-15 08:27:54] security.DEBUG: Stored the security token in the session. {"key":"_security_main"} []
[2018-10-15 09:12:00] request.INFO: Matched route "logs_ajax". {"route_parameters":{"_controller":"Dmcl\\AppBundle\\Controller\\Admin\\LogsController::ajaxAction","_locale":"en","_route":"logs_ajax"},"request_uri":"http://localhost:8000/en/admin/logs/ajax"} []
[2018-10-15 09:12:00] security.DEBUG: Read existing security token from the session. {"key":"_security_main"} []
[2018-10-15 09:12:02] security.DEBUG: User was reloaded from a user provider. {"username":"mariaadashboard","provider":"Symfony\\Bridge\\Doctrine\\Security\\User\\EntityUserProvider"} []
[2018-10-15 09:12:02] request.CRITICAL: Uncaught PHP Exception Doctrine\ORM\Query\QueryException: "Too many parameters: the query defines 1 parameters and you bound 3" at E:\freelancer_project\max_sweden\xtreamcode\vendor\doctrine\orm\lib\Doctrine\ORM\Query\QueryException.php line 103 {"exception":"[object] (Doctrine\\ORM\\Query\\QueryException(code: 0): Too many parameters: the query defines 1 parameters and you bound 3 at E:\\freelancer_project\\max_sweden\\xtreamcode\\vendor\\doctrine\\orm\\lib\\Doctrine\\ORM\\Query\\QueryException.php:103)"} []
[2018-10-15 09:12:02] security.DEBUG: Stored the security token in the session. {"key":"_security_main"} []
[2018-10-15 09:12:02] request.INFO: Matched route "logs_ajax". {"route_parameters":{"_controller":"Dmcl\\AppBundle\\Controller\\Admin\\LogsController::ajaxAction","_locale":"en","_route":"logs_ajax"},"request_uri":"http://localhost:8000/en/admin/logs/ajax"} []
[2018-10-15 09:12:02] security.DEBUG: Read existing security token from the session. {"key":"_security_main"} []
[2018-10-15 09:12:04] security.DEBUG: User was reloaded from a user provider. {"username":"mariaadashboard","provider":"Symfony\\Bridge\\Doctrine\\Security\\User\\EntityUserProvider"} []
[2018-10-15 09:12:04] request.CRITICAL: Uncaught PHP Exception Doctrine\ORM\Query\QueryException: "Too many parameters: the query defines 1 parameters and you bound 3" at E:\freelancer_project\max_sweden\xtreamcode\vendor\doctrine\orm\lib\Doctrine\ORM\Query\QueryException.php line 103 {"exception":"[object] (Doctrine\\ORM\\Query\\QueryException(code: 0): Too many parameters: the query defines 1 parameters and you bound 3 at E:\\freelancer_project\\max_sweden\\xtreamcode\\vendor\\doctrine\\orm\\lib\\Doctrine\\ORM\\Query\\QueryException.php:103)"} []
[2018-10-15 09:12:04] security.DEBUG: Stored the security token in the session. {"key":"_security_main"} []
[2018-10-15 10:31:14] request.INFO: Matched route "user_delete". {"route_parameters":{"_controller":"Dmcl\\AppBundle\\Controller\\Admin\\UserController::deleteAction","_locale":"en","id":"1131","_route":"user_delete"},"request_uri":"http://localhost:8000/en/admin/user/1131/delete"} []
[2018-10-15 10:31:14] security.DEBUG: Read existing security token from the session. {"key":"_security_main"} []
[2018-10-15 10:31:16] security.DEBUG: User was reloaded from a user provider. {"username":"mariaadashboard","provider":"Symfony\\Bridge\\Doctrine\\Security\\User\\EntityUserProvider"} []
[2018-10-15 10:31:19] request.CRITICAL: Uncaught PHP Exception Doctrine\DBAL\Exception\NotNullConstraintViolationException: "An exception occurred while executing 'INSERT INTO reg_userlog (username, password, date, type, owner) VALUES (?, ?, ?, ?, ?)' with params [null, "74f5a30d16a532c4a8675bfc405dc33f", 1539613878, "[<b>UserPanel<\/b> -> <u>Sub-reseller<\/u>] Delete", 1088]:  SQLSTATE[23000]: Integrity constraint violation: 1048 Column 'username' cannot be null" at E:\freelancer_project\max_sweden\xtreamcode\vendor\doctrine\dbal\lib\Doctrine\DBAL\Driver\AbstractMySQLDriver.php line 112 {"exception":"[object] (Doctrine\\DBAL\\Exception\\NotNullConstraintViolationException(code: 0): An exception occurred while executing 'INSERT INTO reg_userlog (username, password, date, type, owner) VALUES (?, ?, ?, ?, ?)' with params [null, \"74f5a30d16a532c4a8675bfc405dc33f\", 1539613878, \"[<b>UserPanel<\\/b> -> <u>Sub-reseller<\\/u>] Delete\", 1088]:\n\nSQLSTATE[23000]: Integrity constraint violation: 1048 Column 'username' cannot be null at E:\\freelancer_project\\max_sweden\\xtreamcode\\vendor\\doctrine\\dbal\\lib\\Doctrine\\DBAL\\Driver\\AbstractMySQLDriver.php:112, Doctrine\\DBAL\\Driver\\PDOException(code: 23000): SQLSTATE[23000]: Integrity constraint violation: 1048 Column 'username' cannot be null at E:\\freelancer_project\\max_sweden\\xtreamcode\\vendor\\doctrine\\dbal\\lib\\Doctrine\\DBAL\\Driver\\PDOStatement.php:93, PDOException(code: 23000): SQLSTATE[23000]: Integrity constraint violation: 1048 Column 'username' cannot be null at E:\\freelancer_project\\max_sweden\\xtreamcode\\vendor\\doctrine\\dbal\\lib\\Doctrine\\DBAL\\Driver\\PDOStatement.php:91)"} []
[2018-10-15 10:31:19] security.DEBUG: Stored the security token in the session. {"key":"_security_main"} []
[2018-10-15 10:46:22] request.INFO: Matched route "line_create". {"route_parameters":{"_controller":"Dmcl\\AppBundle\\Controller\\Admin\\UsersController::createAction","trial":0,"_locale":"en","_route":"line_create"},"request_uri":"http://localhost:8000/en/admin/lines/create"} []
[2018-10-15 10:46:22] security.DEBUG: Read existing security token from the session. {"key":"_security_main"} []
[2018-10-15 10:46:24] security.DEBUG: User was reloaded from a user provider. {"username":"mariaadashboard","provider":"Symfony\\Bridge\\Doctrine\\Security\\User\\EntityUserProvider"} []
[2018-10-15 10:46:25] request.CRITICAL: Uncaught PHP Exception Doctrine\ORM\ORMInvalidArgumentException: "Expected value of type "Dmcl\AppBundle\Entity\RegUsers" for association field "Dmcl\AppBundle\Entity\Users#$member", got "integer" instead." at E:\freelancer_project\max_sweden\xtreamcode\vendor\doctrine\orm\lib\Doctrine\ORM\ORMInvalidArgumentException.php line 206 {"exception":"[object] (Doctrine\\ORM\\ORMInvalidArgumentException(code: 0): Expected value of type \"Dmcl\\AppBundle\\Entity\\RegUsers\" for association field \"Dmcl\\AppBundle\\Entity\\Users#$member\", got \"integer\" instead. at E:\\freelancer_project\\max_sweden\\xtreamcode\\vendor\\doctrine\\orm\\lib\\Doctrine\\ORM\\ORMInvalidArgumentException.php:206)"} []
[2018-10-15 10:46:25] security.DEBUG: Stored the security token in the session. {"key":"_security_main"} []
[2018-10-15 11:00:47] request.INFO: Matched route "logs_ajax". {"route_parameters":{"_controller":"Dmcl\\AppBundle\\Controller\\Admin\\LogsController::ajaxAction","_locale":"en","_route":"logs_ajax"},"request_uri":"http://localhost:8000/en/admin/logs/ajax"} []
[2018-10-15 11:00:47] security.DEBUG: Read existing security token from the session. {"key":"_security_main"} []
[2018-10-15 11:00:49] security.DEBUG: User was reloaded from a user provider. {"username":"mariaadashboard","provider":"Symfony\\Bridge\\Doctrine\\Security\\User\\EntityUserProvider"} []
[2018-10-15 11:00:50] request.CRITICAL: Uncaught PHP Exception Symfony\Component\Debug\Exception\OutOfMemoryException: "Error: Allowed memory size of 134217728 bytes exhausted (tried to allocate 60821504 bytes)" at E:\freelancer_project\max_sweden\xtreamcode\src\Dmcl\AppBundle\Controller\Admin\LogsController.php line 46 {"exception":"[object] (Symfony\\Component\\Debug\\Exception\\OutOfMemoryException(code: 0): Error: Allowed memory size of 134217728 bytes exhausted (tried to allocate 60821504 bytes) at E:\\freelancer_project\\max_sweden\\xtreamcode\\src\\Dmcl\\AppBundle\\Controller\\Admin\\LogsController.php:46)"} []
[2018-10-15 11:00:50] security.DEBUG: Stored the security token in the session. {"key":"_security_main"} []
[2018-10-15 11:17:03] request.INFO: Matched route "logs_ajax". {"route_parameters":{"_controller":"Dmcl\\AppBundle\\Controller\\Admin\\LogsController::ajaxAction","_locale":"en","_route":"logs_ajax"},"request_uri":"http://localhost:8000/en/admin/logs/ajax"} []
[2018-10-15 11:17:03] security.DEBUG: Read existing security token from the session. {"key":"_security_main"} []
[2018-10-15 11:17:05] security.DEBUG: User was reloaded from a user provider. {"username":"mariaadashboard","provider":"Symfony\\Bridge\\Doctrine\\Security\\User\\EntityUserProvider"} []
[2018-10-15 11:17:05] request.CRITICAL: Uncaught PHP Exception Doctrine\ORM\Query\QueryException: "Too few parameters: the query defines 1 parameters but you only bound 0" at E:\freelancer_project\max_sweden\xtreamcode\vendor\doctrine\orm\lib\Doctrine\ORM\Query\QueryException.php line 114 {"exception":"[object] (Doctrine\\ORM\\Query\\QueryException(code: 0): Too few parameters: the query defines 1 parameters but you only bound 0 at E:\\freelancer_project\\max_sweden\\xtreamcode\\vendor\\doctrine\\orm\\lib\\Doctrine\\ORM\\Query\\QueryException.php:114)"} []
[2018-10-15 11:17:05] security.DEBUG: Stored the security token in the session. {"key":"_security_main"} []
[2018-10-15 11:17:05] request.INFO: Matched route "logs_ajax". {"route_parameters":{"_controller":"Dmcl\\AppBundle\\Controller\\Admin\\LogsController::ajaxAction","_locale":"en","_route":"logs_ajax"},"request_uri":"http://localhost:8000/en/admin/logs/ajax"} []
[2018-10-15 11:17:05] security.DEBUG: Read existing security token from the session. {"key":"_security_main"} []
[2018-10-15 11:17:07] security.DEBUG: User was reloaded from a user provider. {"username":"mariaadashboard","provider":"Symfony\\Bridge\\Doctrine\\Security\\User\\EntityUserProvider"} []
[2018-10-15 11:17:07] request.CRITICAL: Uncaught PHP Exception Doctrine\ORM\Query\QueryException: "Too few parameters: the query defines 1 parameters but you only bound 0" at E:\freelancer_project\max_sweden\xtreamcode\vendor\doctrine\orm\lib\Doctrine\ORM\Query\QueryException.php line 114 {"exception":"[object] (Doctrine\\ORM\\Query\\QueryException(code: 0): Too few parameters: the query defines 1 parameters but you only bound 0 at E:\\freelancer_project\\max_sweden\\xtreamcode\\vendor\\doctrine\\orm\\lib\\Doctrine\\ORM\\Query\\QueryException.php:114)"} []
[2018-10-15 11:17:07] security.DEBUG: Stored the security token in the session. {"key":"_security_main"} []
[2018-10-15 11:21:20] request.INFO: Matched route "logs_ajax". {"route_parameters":{"_controller":"Dmcl\\AppBundle\\Controller\\Admin\\LogsController::ajaxAction","_locale":"en","_route":"logs_ajax"},"request_uri":"http://localhost:8000/en/admin/logs/ajax"} []
[2018-10-15 11:21:20] security.DEBUG: Read existing security token from the session. {"key":"_security_main"} []
[2018-10-15 11:21:22] security.DEBUG: User was reloaded from a user provider. {"username":"mariaadashboard","provider":"Symfony\\Bridge\\Doctrine\\Security\\User\\EntityUserProvider"} []
[2018-10-15 11:21:23] request.CRITICAL: Uncaught PHP Exception Symfony\Component\Debug\Exception\FatalThrowableError: "Function name must be a string" at E:\freelancer_project\max_sweden\xtreamcode\src\Dmcl\AppBundle\Repository\RegUserLogRepository.php line 33 {"exception":"[object] (Symfony\\Component\\Debug\\Exception\\FatalThrowableError(code: 0): Function name must be a string at E:\\freelancer_project\\max_sweden\\xtreamcode\\src\\Dmcl\\AppBundle\\Repository\\RegUserLogRepository.php:33)"} []
[2018-10-15 11:21:23] security.DEBUG: Stored the security token in the session. {"key":"_security_main"} []
[2018-10-15 11:21:44] request.INFO: Matched route "logs_ajax". {"route_parameters":{"_controller":"Dmcl\\AppBundle\\Controller\\Admin\\LogsController::ajaxAction","_locale":"en","_route":"logs_ajax"},"request_uri":"http://localhost:8000/en/admin/logs/ajax"} []
[2018-10-15 11:21:44] security.DEBUG: Read existing security token from the session. {"key":"_security_main"} []
[2018-10-15 11:21:47] security.DEBUG: User was reloaded from a user provider. {"username":"mariaadashboard","provider":"Symfony\\Bridge\\Doctrine\\Security\\User\\EntityUserProvider"} []
[2018-10-15 11:21:47] request.CRITICAL: Uncaught PHP Exception Symfony\Component\Debug\Exception\UndefinedMethodException: "Attempted to call an undefined method named "getArrayResult" of class "Doctrine\ORM\QueryBuilder". Did you mean to call "getFirstResult"?" at E:\freelancer_project\max_sweden\xtreamcode\src\Dmcl\AppBundle\Repository\RegUserLogRepository.php line 33 {"exception":"[object] (Symfony\\Component\\Debug\\Exception\\UndefinedMethodException(code: 0): Attempted to call an undefined method named \"getArrayResult\" of class \"Doctrine\\ORM\\QueryBuilder\".\nDid you mean to call \"getFirstResult\"? at E:\\freelancer_project\\max_sweden\\xtreamcode\\src\\Dmcl\\AppBundle\\Repository\\RegUserLogRepository.php:33)"} []
[2018-10-15 11:21:47] security.DEBUG: Stored the security token in the session. {"key":"_security_main"} []
[2018-10-15 11:21:47] request.INFO: Matched route "logs_ajax". {"route_parameters":{"_controller":"Dmcl\\AppBundle\\Controller\\Admin\\LogsController::ajaxAction","_locale":"en","_route":"logs_ajax"},"request_uri":"http://localhost:8000/en/admin/logs/ajax"} []
[2018-10-15 11:21:47] security.DEBUG: Read existing security token from the session. {"key":"_security_main"} []
[2018-10-15 11:21:49] security.DEBUG: User was reloaded from a user provider. {"username":"mariaadashboard","provider":"Symfony\\Bridge\\Doctrine\\Security\\User\\EntityUserProvider"} []
[2018-10-15 11:21:49] request.CRITICAL: Uncaught PHP Exception Symfony\Component\Debug\Exception\UndefinedMethodException: "Attempted to call an undefined method named "getArrayResult" of class "Doctrine\ORM\QueryBuilder". Did you mean to call "getFirstResult"?" at E:\freelancer_project\max_sweden\xtreamcode\src\Dmcl\AppBundle\Repository\RegUserLogRepository.php line 33 {"exception":"[object] (Symfony\\Component\\Debug\\Exception\\UndefinedMethodException(code: 0): Attempted to call an undefined method named \"getArrayResult\" of class \"Doctrine\\ORM\\QueryBuilder\".\nDid you mean to call \"getFirstResult\"? at E:\\freelancer_project\\max_sweden\\xtreamcode\\src\\Dmcl\\AppBundle\\Repository\\RegUserLogRepository.php:33)"} []
[2018-10-15 11:21:49] security.DEBUG: Stored the security token in the session. {"key":"_security_main"} []
[2018-10-15 11:23:33] request.INFO: Matched route "logs_ajax". {"route_parameters":{"_controller":"Dmcl\\AppBundle\\Controller\\Admin\\LogsController::ajaxAction","_locale":"en","_route":"logs_ajax"},"request_uri":"http://localhost:8000/en/admin/logs/ajax"} []
[2018-10-15 11:23:33] security.DEBUG: Read existing security token from the session. {"key":"_security_main"} []
[2018-10-15 11:23:35] security.DEBUG: User was reloaded from a user provider. {"username":"mariaadashboard","provider":"Symfony\\Bridge\\Doctrine\\Security\\User\\EntityUserProvider"} []
[2018-10-15 11:23:39] request.CRITICAL: Uncaught PHP Exception Symfony\Component\Debug\Exception\ClassNotFoundException: "Attempted to load class "Query" from namespace "Dmcl\AppBundle\Repository". Did you forget a "use" statement for "Doctrine\ORM\Query"?" at E:\freelancer_project\max_sweden\xtreamcode\src\Dmcl\AppBundle\Repository\RegUserLogRepository.php line 33 {"exception":"[object] (Symfony\\Component\\Debug\\Exception\\ClassNotFoundException(code: 0): Attempted to load class \"Query\" from namespace \"Dmcl\\AppBundle\\Repository\".\nDid you forget a \"use\" statement for \"Doctrine\\ORM\\Query\"? at E:\\freelancer_project\\max_sweden\\xtreamcode\\src\\Dmcl\\AppBundle\\Repository\\RegUserLogRepository.php:33)"} []
[2018-10-15 11:23:39] security.DEBUG: Stored the security token in the session. {"key":"_security_main"} []
[2018-10-15 11:23:39] request.INFO: Matched route "logs_ajax". {"route_parameters":{"_controller":"Dmcl\\AppBundle\\Controller\\Admin\\LogsController::ajaxAction","_locale":"en","_route":"logs_ajax"},"request_uri":"http://localhost:8000/en/admin/logs/ajax"} []
[2018-10-15 11:23:39] security.DEBUG: Read existing security token from the session. {"key":"_security_main"} []
[2018-10-15 11:23:41] security.DEBUG: User was reloaded from a user provider. {"username":"mariaadashboard","provider":"Symfony\\Bridge\\Doctrine\\Security\\User\\EntityUserProvider"} []
[2018-10-15 11:23:42] request.CRITICAL: Uncaught PHP Exception Symfony\Component\Debug\Exception\ClassNotFoundException: "Attempted to load class "Query" from namespace "Dmcl\AppBundle\Repository". Did you forget a "use" statement for "Doctrine\ORM\Query"?" at E:\freelancer_project\max_sweden\xtreamcode\src\Dmcl\AppBundle\Repository\RegUserLogRepository.php line 33 {"exception":"[object] (Symfony\\Component\\Debug\\Exception\\ClassNotFoundException(code: 0): Attempted to load class \"Query\" from namespace \"Dmcl\\AppBundle\\Repository\".\nDid you forget a \"use\" statement for \"Doctrine\\ORM\\Query\"? at E:\\freelancer_project\\max_sweden\\xtreamcode\\src\\Dmcl\\AppBundle\\Repository\\RegUserLogRepository.php:33)"} []
[2018-10-15 11:23:42] security.DEBUG: Stored the security token in the session. {"key":"_security_main"} []
[2018-10-15 11:24:10] request.INFO: Matched route "logs_ajax". {"route_parameters":{"_controller":"Dmcl\\AppBundle\\Controller\\Admin\\LogsController::ajaxAction","_locale":"en","_route":"logs_ajax"},"request_uri":"http://localhost:8000/en/admin/logs/ajax"} []
[2018-10-15 11:24:10] security.DEBUG: Read existing security token from the session. {"key":"_security_main"} []
[2018-10-15 11:24:12] security.DEBUG: User was reloaded from a user provider. {"username":"mariaadashboard","provider":"Symfony\\Bridge\\Doctrine\\Security\\User\\EntityUserProvider"} []
[2018-10-15 11:24:13] request.CRITICAL: Uncaught PHP Exception Symfony\Component\Debug\Exception\ClassNotFoundException: "Attempted to load class "Query" from namespace "Dmcl\AppBundle\Repository". Did you forget a "use" statement for "Doctrine\ORM\Query"?" at E:\freelancer_project\max_sweden\xtreamcode\src\Dmcl\AppBundle\Repository\RegUserLogRepository.php line 33 {"exception":"[object] (Symfony\\Component\\Debug\\Exception\\ClassNotFoundException(code: 0): Attempted to load class \"Query\" from namespace \"Dmcl\\AppBundle\\Repository\".\nDid you forget a \"use\" statement for \"Doctrine\\ORM\\Query\"? at E:\\freelancer_project\\max_sweden\\xtreamcode\\src\\Dmcl\\AppBundle\\Repository\\RegUserLogRepository.php:33)"} []
[2018-10-15 11:24:13] security.DEBUG: Stored the security token in the session. {"key":"_security_main"} []
[2018-10-15 11:24:14] request.INFO: Matched route "logs_ajax". {"route_parameters":{"_controller":"Dmcl\\AppBundle\\Controller\\Admin\\LogsController::ajaxAction","_locale":"en","_route":"logs_ajax"},"request_uri":"http://localhost:8000/en/admin/logs/ajax"} []
[2018-10-15 11:24:14] security.DEBUG: Read existing security token from the session. {"key":"_security_main"} []
[2018-10-15 11:24:16] security.DEBUG: User was reloaded from a user provider. {"username":"mariaadashboard","provider":"Symfony\\Bridge\\Doctrine\\Security\\User\\EntityUserProvider"} []
[2018-10-15 11:24:16] request.CRITICAL: Uncaught PHP Exception Symfony\Component\Debug\Exception\FatalThrowableError: "Parse error: syntax error, unexpected '->' (T_OBJECT_OPERATOR)" at E:\freelancer_project\max_sweden\xtreamcode\src\Dmcl\AppBundle\Repository\RegUserLogRepository.php line 23 {"exception":"[object] (Symfony\\Component\\Debug\\Exception\\FatalThrowableError(code: 0): Parse error: syntax error, unexpected '->' (T_OBJECT_OPERATOR) at E:\\freelancer_project\\max_sweden\\xtreamcode\\src\\Dmcl\\AppBundle\\Repository\\RegUserLogRepository.php:23)"} []
[2018-10-15 11:24:16] security.DEBUG: Stored the security token in the session. {"key":"_security_main"} []
[2018-10-15 11:34:04] request.INFO: Matched route "logs_ajax". {"route_parameters":{"_controller":"Dmcl\\AppBundle\\Controller\\Admin\\LogsController::ajaxAction","_locale":"en","_route":"logs_ajax"},"request_uri":"http://localhost:8000/en/admin/logs/ajax"} []
[2018-10-15 11:34:04] security.DEBUG: Read existing security token from the session. {"key":"_security_main"} []
[2018-10-15 11:34:09] security.DEBUG: User was reloaded from a user provider. {"username":"mariaadashboard","provider":"Symfony\\Bridge\\Doctrine\\Security\\User\\EntityUserProvider"} []
[2018-10-15 11:34:09] request.CRITICAL: Uncaught PHP Exception Doctrine\ORM\ORMException: "Unknown Entity namespace alias 'MyCompanySiteBundle'." at E:\freelancer_project\max_sweden\xtreamcode\vendor\doctrine\orm\lib\Doctrine\ORM\ORMException.php line 271 {"exception":"[object] (Doctrine\\ORM\\ORMException(code: 0): Unknown Entity namespace alias 'MyCompanySiteBundle'. at E:\\freelancer_project\\max_sweden\\xtreamcode\\vendor\\doctrine\\orm\\lib\\Doctrine\\ORM\\ORMException.php:271)"} []
[2018-10-15 11:34:09] security.DEBUG: Stored the security token in the session. {"key":"_security_main"} []
[2018-10-15 11:34:09] request.INFO: Matched route "logs_ajax". {"route_parameters":{"_controller":"Dmcl\\AppBundle\\Controller\\Admin\\LogsController::ajaxAction","_locale":"en","_route":"logs_ajax"},"request_uri":"http://localhost:8000/en/admin/logs/ajax"} []
[2018-10-15 11:34:09] security.DEBUG: Read existing security token from the session. {"key":"_security_main"} []
[2018-10-15 11:34:12] security.DEBUG: User was reloaded from a user provider. {"username":"mariaadashboard","provider":"Symfony\\Bridge\\Doctrine\\Security\\User\\EntityUserProvider"} []
[2018-10-15 11:34:12] request.CRITICAL: Uncaught PHP Exception Doctrine\ORM\ORMException: "Unknown Entity namespace alias 'MyCompanySiteBundle'." at E:\freelancer_project\max_sweden\xtreamcode\vendor\doctrine\orm\lib\Doctrine\ORM\ORMException.php line 271 {"exception":"[object] (Doctrine\\ORM\\ORMException(code: 0): Unknown Entity namespace alias 'MyCompanySiteBundle'. at E:\\freelancer_project\\max_sweden\\xtreamcode\\vendor\\doctrine\\orm\\lib\\Doctrine\\ORM\\ORMException.php:271)"} []
[2018-10-15 11:34:12] security.DEBUG: Stored the security token in the session. {"key":"_security_main"} []
[2018-10-15 11:37:52] request.INFO: Matched route "logs_ajax". {"route_parameters":{"_controller":"Dmcl\\AppBundle\\Controller\\Admin\\LogsController::ajaxAction","_locale":"en","_route":"logs_ajax"},"request_uri":"http://localhost:8000/en/admin/logs/ajax"} []
[2018-10-15 11:37:52] security.DEBUG: Read existing security token from the session. {"key":"_security_main"} []
[2018-10-15 11:37:54] security.DEBUG: User was reloaded from a user provider. {"username":"mariaadashboard","provider":"Symfony\\Bridge\\Doctrine\\Security\\User\\EntityUserProvider"} []
[2018-10-15 11:37:56] request.CRITICAL: Uncaught PHP Exception Symfony\Component\Debug\Exception\ClassNotFoundException: "Attempted to load class "Paginator" from namespace "Dmcl\AppBundle\Repository". Did you forget a "use" statement for e.g. "Ideup\SimplePaginatorBundle\Paginator\Paginator" or "Doctrine\ORM\Tools\Pagination\Paginator"?" at E:\freelancer_project\max_sweden\xtreamcode\src\Dmcl\AppBundle\Repository\RegUserLogRepository.php line 36 {"exception":"[object] (Symfony\\Component\\Debug\\Exception\\ClassNotFoundException(code: 0): Attempted to load class \"Paginator\" from namespace \"Dmcl\\AppBundle\\Repository\".\nDid you forget a \"use\" statement for e.g. \"Ideup\\SimplePaginatorBundle\\Paginator\\Paginator\" or \"Doctrine\\ORM\\Tools\\Pagination\\Paginator\"? at E:\\freelancer_project\\max_sweden\\xtreamcode\\src\\Dmcl\\AppBundle\\Repository\\RegUserLogRepository.php:36)"} []
[2018-10-15 11:37:56] security.DEBUG: Stored the security token in the session. {"key":"_security_main"} []
[2018-10-15 11:38:16] request.INFO: Matched route "logs_ajax". {"route_parameters":{"_controller":"Dmcl\\AppBundle\\Controller\\Admin\\LogsController::ajaxAction","_locale":"en","_route":"logs_ajax"},"request_uri":"http://localhost:8000/en/admin/logs/ajax"} []
[2018-10-15 11:38:16] security.DEBUG: Read existing security token from the session. {"key":"_security_main"} []
[2018-10-15 11:38:18] security.DEBUG: User was reloaded from a user provider. {"username":"mariaadashboard","provider":"Symfony\\Bridge\\Doctrine\\Security\\User\\EntityUserProvider"} []
[2018-10-15 11:38:18] request.CRITICAL: Uncaught PHP Exception Symfony\Component\Debug\Exception\FatalThrowableError: "Type error: Argument 1 passed to Dmcl\AppBundle\Services\Paginator::__construct() must implement interface Symfony\Component\DependencyInjection\ContainerInterface, instance of Doctrine\ORM\Query given, called in E:\freelancer_project\max_sweden\xtreamcode\src\Dmcl\AppBundle\Repository\RegUserLogRepository.php on line 37" at E:\freelancer_project\max_sweden\xtreamcode\src\Dmcl\AppBundle\Services\Paginator.php line 24 {"exception":"[object] (Symfony\\Component\\Debug\\Exception\\FatalThrowableError(code: 0): Type error: Argument 1 passed to Dmcl\\AppBundle\\Services\\Paginator::__construct() must implement interface Symfony\\Component\\DependencyInjection\\ContainerInterface, instance of Doctrine\\ORM\\Query given, called in E:\\freelancer_project\\max_sweden\\xtreamcode\\src\\Dmcl\\AppBundle\\Repository\\RegUserLogRepository.php on line 37 at E:\\freelancer_project\\max_sweden\\xtreamcode\\src\\Dmcl\\AppBundle\\Services\\Paginator.php:24)"} []
[2018-10-15 11:38:18] security.DEBUG: Stored the security token in the session. {"key":"_security_main"} []
[2018-10-15 11:38:18] request.INFO: Matched route "logs_ajax". {"route_parameters":{"_controller":"Dmcl\\AppBundle\\Controller\\Admin\\LogsController::ajaxAction","_locale":"en","_route":"logs_ajax"},"request_uri":"http://localhost:8000/en/admin/logs/ajax"} []
[2018-10-15 11:38:18] security.DEBUG: Read existing security token from the session. {"key":"_security_main"} []
[2018-10-15 11:38:20] security.DEBUG: User was reloaded from a user provider. {"username":"mariaadashboard","provider":"Symfony\\Bridge\\Doctrine\\Security\\User\\EntityUserProvider"} []
[2018-10-15 11:38:20] request.CRITICAL: Uncaught PHP Exception Symfony\Component\Debug\Exception\FatalThrowableError: "Type error: Argument 1 passed to Dmcl\AppBundle\Services\Paginator::__construct() must implement interface Symfony\Component\DependencyInjection\ContainerInterface, instance of Doctrine\ORM\Query given, called in E:\freelancer_project\max_sweden\xtreamcode\src\Dmcl\AppBundle\Repository\RegUserLogRepository.php on line 37" at E:\freelancer_project\max_sweden\xtreamcode\src\Dmcl\AppBundle\Services\Paginator.php line 24 {"exception":"[object] (Symfony\\Component\\Debug\\Exception\\FatalThrowableError(code: 0): Type error: Argument 1 passed to Dmcl\\AppBundle\\Services\\Paginator::__construct() must implement interface Symfony\\Component\\DependencyInjection\\ContainerInterface, instance of Doctrine\\ORM\\Query given, called in E:\\freelancer_project\\max_sweden\\xtreamcode\\src\\Dmcl\\AppBundle\\Repository\\RegUserLogRepository.php on line 37 at E:\\freelancer_project\\max_sweden\\xtreamcode\\src\\Dmcl\\AppBundle\\Services\\Paginator.php:24)"} []
[2018-10-15 11:38:20] security.DEBUG: Stored the security token in the session. {"key":"_security_main"} []
[2018-10-15 11:40:03] request.INFO: Matched route "logs_ajax". {"route_parameters":{"_controller":"Dmcl\\AppBundle\\Controller\\Admin\\LogsController::ajaxAction","_locale":"en","_route":"logs_ajax"},"request_uri":"http://localhost:8000/en/admin/logs/ajax"} []
[2018-10-15 11:40:03] security.DEBUG: Read existing security token from the session. {"key":"_security_main"} []
[2018-10-15 11:40:05] security.DEBUG: User was reloaded from a user provider. {"username":"mariaadashboard","provider":"Symfony\\Bridge\\Doctrine\\Security\\User\\EntityUserProvider"} []
[2018-10-15 11:40:05] request.CRITICAL: Uncaught PHP Exception Symfony\Component\Debug\Exception\FatalThrowableError: "Type error: Argument 1 passed to Dmcl\AppBundle\Services\Paginator::__construct() must implement interface Symfony\Component\DependencyInjection\ContainerInterface, instance of Doctrine\ORM\QueryBuilder given, called in E:\freelancer_project\max_sweden\xtreamcode\src\Dmcl\AppBundle\Repository\RegUserLogRepository.php on line 28" at E:\freelancer_project\max_sweden\xtreamcode\src\Dmcl\AppBundle\Services\Paginator.php line 24 {"exception":"[object] (Symfony\\Component\\Debug\\Exception\\FatalThrowableError(code: 0): Type error: Argument 1 passed to Dmcl\\AppBundle\\Services\\Paginator::__construct() must implement interface Symfony\\Component\\DependencyInjection\\ContainerInterface, instance of Doctrine\\ORM\\QueryBuilder given, called in E:\\freelancer_project\\max_sweden\\xtreamcode\\src\\Dmcl\\AppBundle\\Repository\\RegUserLogRepository.php on line 28 at E:\\freelancer_project\\max_sweden\\xtreamcode\\src\\Dmcl\\AppBundle\\Services\\Paginator.php:24)"} []
[2018-10-15 11:40:05] security.DEBUG: Stored the security token in the session. {"key":"_security_main"} []
[2018-10-15 11:40:05] request.INFO: Matched route "logs_ajax". {"route_parameters":{"_controller":"Dmcl\\AppBundle\\Controller\\Admin\\LogsController::ajaxAction","_locale":"en","_route":"logs_ajax"},"request_uri":"http://localhost:8000/en/admin/logs/ajax"} []
[2018-10-15 11:40:05] security.DEBUG: Read existing security token from the session. {"key":"_security_main"} []
[2018-10-15 11:40:07] security.DEBUG: User was reloaded from a user provider. {"username":"mariaadashboard","provider":"Symfony\\Bridge\\Doctrine\\Security\\User\\EntityUserProvider"} []
[2018-10-15 11:40:07] request.CRITICAL: Uncaught PHP Exception Symfony\Component\Debug\Exception\FatalThrowableError: "Type error: Argument 1 passed to Dmcl\AppBundle\Services\Paginator::__construct() must implement interface Symfony\Component\DependencyInjection\ContainerInterface, instance of Doctrine\ORM\QueryBuilder given, called in E:\freelancer_project\max_sweden\xtreamcode\src\Dmcl\AppBundle\Repository\RegUserLogRepository.php on line 28" at E:\freelancer_project\max_sweden\xtreamcode\src\Dmcl\AppBundle\Services\Paginator.php line 24 {"exception":"[object] (Symfony\\Component\\Debug\\Exception\\FatalThrowableError(code: 0): Type error: Argument 1 passed to Dmcl\\AppBundle\\Services\\Paginator::__construct() must implement interface Symfony\\Component\\DependencyInjection\\ContainerInterface, instance of Doctrine\\ORM\\QueryBuilder given, called in E:\\freelancer_project\\max_sweden\\xtreamcode\\src\\Dmcl\\AppBundle\\Repository\\RegUserLogRepository.php on line 28 at E:\\freelancer_project\\max_sweden\\xtreamcode\\src\\Dmcl\\AppBundle\\Services\\Paginator.php:24)"} []
[2018-10-15 11:40:07] security.DEBUG: Stored the security token in the session. {"key":"_security_main"} []
[2018-10-15 11:40:34] request.INFO: Matched route "logs_ajax". {"route_parameters":{"_controller":"Dmcl\\AppBundle\\Controller\\Admin\\LogsController::ajaxAction","_locale":"en","_route":"logs_ajax"},"request_uri":"http://localhost:8000/en/admin/logs/ajax"} []
[2018-10-15 11:40:34] security.DEBUG: Read existing security token from the session. {"key":"_security_main"} []
[2018-10-15 11:40:36] security.DEBUG: User was reloaded from a user provider. {"username":"mariaadashboard","provider":"Symfony\\Bridge\\Doctrine\\Security\\User\\EntityUserProvider"} []
[2018-10-15 11:40:36] request.CRITICAL: Uncaught PHP Exception Symfony\Component\Debug\Exception\FatalThrowableError: "Type error: Argument 1 passed to Dmcl\AppBundle\Services\Paginator::__construct() must implement interface Symfony\Component\DependencyInjection\ContainerInterface, instance of Doctrine\ORM\QueryBuilder given, called in E:\freelancer_project\max_sweden\xtreamcode\src\Dmcl\AppBundle\Repository\RegUserLogRepository.php on line 28" at E:\freelancer_project\max_sweden\xtreamcode\src\Dmcl\AppBundle\Services\Paginator.php line 24 {"exception":"[object] (Symfony\\Component\\Debug\\Exception\\FatalThrowableError(code: 0): Type error: Argument 1 passed to Dmcl\\AppBundle\\Services\\Paginator::__construct() must implement interface Symfony\\Component\\DependencyInjection\\ContainerInterface, instance of Doctrine\\ORM\\QueryBuilder given, called in E:\\freelancer_project\\max_sweden\\xtreamcode\\src\\Dmcl\\AppBundle\\Repository\\RegUserLogRepository.php on line 28 at E:\\freelancer_project\\max_sweden\\xtreamcode\\src\\Dmcl\\AppBundle\\Services\\Paginator.php:24)"} []
[2018-10-15 11:40:36] security.DEBUG: Stored the security token in the session. {"key":"_security_main"} []
[2018-10-15 11:40:36] request.INFO: Matched route "logs_ajax". {"route_parameters":{"_controller":"Dmcl\\AppBundle\\Controller\\Admin\\LogsController::ajaxAction","_locale":"en","_route":"logs_ajax"},"request_uri":"http://localhost:8000/en/admin/logs/ajax"} []
[2018-10-15 11:40:36] security.DEBUG: Read existing security token from the session. {"key":"_security_main"} []
[2018-10-15 11:40:38] security.DEBUG: User was reloaded from a user provider. {"username":"mariaadashboard","provider":"Symfony\\Bridge\\Doctrine\\Security\\User\\EntityUserProvider"} []
[2018-10-15 11:40:38] request.CRITICAL: Uncaught PHP Exception Symfony\Component\Debug\Exception\FatalThrowableError: "Type error: Argument 1 passed to Dmcl\AppBundle\Services\Paginator::__construct() must implement interface Symfony\Component\DependencyInjection\ContainerInterface, instance of Doctrine\ORM\QueryBuilder given, called in E:\freelancer_project\max_sweden\xtreamcode\src\Dmcl\AppBundle\Repository\RegUserLogRepository.php on line 28" at E:\freelancer_project\max_sweden\xtreamcode\src\Dmcl\AppBundle\Services\Paginator.php line 24 {"exception":"[object] (Symfony\\Component\\Debug\\Exception\\FatalThrowableError(code: 0): Type error: Argument 1 passed to Dmcl\\AppBundle\\Services\\Paginator::__construct() must implement interface Symfony\\Component\\DependencyInjection\\ContainerInterface, instance of Doctrine\\ORM\\QueryBuilder given, called in E:\\freelancer_project\\max_sweden\\xtreamcode\\src\\Dmcl\\AppBundle\\Repository\\RegUserLogRepository.php on line 28 at E:\\freelancer_project\\max_sweden\\xtreamcode\\src\\Dmcl\\AppBundle\\Services\\Paginator.php:24)"} []
[2018-10-15 11:40:38] security.DEBUG: Stored the security token in the session. {"key":"_security_main"} []
[2018-10-15 11:41:42] request.INFO: Matched route "logs_ajax". {"route_parameters":{"_controller":"Dmcl\\AppBundle\\Controller\\Admin\\LogsController::ajaxAction","_locale":"en","_route":"logs_ajax"},"request_uri":"http://localhost:8000/en/admin/logs/ajax"} []
[2018-10-15 11:41:42] security.DEBUG: Read existing security token from the session. {"key":"_security_main"} []
[2018-10-15 11:41:44] security.DEBUG: User was reloaded from a user provider. {"username":"mariaadashboard","provider":"Symfony\\Bridge\\Doctrine\\Security\\User\\EntityUserProvider"} []
[2018-10-15 11:41:44] request.CRITICAL: Uncaught PHP Exception Symfony\Component\Debug\Exception\FatalThrowableError: "Type error: Argument 1 passed to Dmcl\AppBundle\Services\Paginator::__construct() must implement interface Symfony\Component\DependencyInjection\ContainerInterface, instance of Doctrine\ORM\QueryBuilder given, called in E:\freelancer_project\max_sweden\xtreamcode\src\Dmcl\AppBundle\Repository\RegUserLogRepository.php on line 28" at E:\freelancer_project\max_sweden\xtreamcode\src\Dmcl\AppBundle\Services\Paginator.php line 24 {"exception":"[object] (Symfony\\Component\\Debug\\Exception\\FatalThrowableError(code: 0): Type error: Argument 1 passed to Dmcl\\AppBundle\\Services\\Paginator::__construct() must implement interface Symfony\\Component\\DependencyInjection\\ContainerInterface, instance of Doctrine\\ORM\\QueryBuilder given, called in E:\\freelancer_project\\max_sweden\\xtreamcode\\src\\Dmcl\\AppBundle\\Repository\\RegUserLogRepository.php on line 28 at E:\\freelancer_project\\max_sweden\\xtreamcode\\src\\Dmcl\\AppBundle\\Services\\Paginator.php:24)"} []
[2018-10-15 11:41:44] security.DEBUG: Stored the security token in the session. {"key":"_security_main"} []
[2018-10-15 11:41:44] request.INFO: Matched route "logs_ajax". {"route_parameters":{"_controller":"Dmcl\\AppBundle\\Controller\\Admin\\LogsController::ajaxAction","_locale":"en","_route":"logs_ajax"},"request_uri":"http://localhost:8000/en/admin/logs/ajax"} []
[2018-10-15 11:41:44] security.DEBUG: Read existing security token from the session. {"key":"_security_main"} []
[2018-10-15 11:41:46] security.DEBUG: User was reloaded from a user provider. {"username":"mariaadashboard","provider":"Symfony\\Bridge\\Doctrine\\Security\\User\\EntityUserProvider"} []
[2018-10-15 11:41:46] request.CRITICAL: Uncaught PHP Exception Symfony\Component\Debug\Exception\FatalThrowableError: "Type error: Argument 1 passed to Dmcl\AppBundle\Services\Paginator::__construct() must implement interface Symfony\Component\DependencyInjection\ContainerInterface, instance of Doctrine\ORM\QueryBuilder given, called in E:\freelancer_project\max_sweden\xtreamcode\src\Dmcl\AppBundle\Repository\RegUserLogRepository.php on line 28" at E:\freelancer_project\max_sweden\xtreamcode\src\Dmcl\AppBundle\Services\Paginator.php line 24 {"exception":"[object] (Symfony\\Component\\Debug\\Exception\\FatalThrowableError(code: 0): Type error: Argument 1 passed to Dmcl\\AppBundle\\Services\\Paginator::__construct() must implement interface Symfony\\Component\\DependencyInjection\\ContainerInterface, instance of Doctrine\\ORM\\QueryBuilder given, called in E:\\freelancer_project\\max_sweden\\xtreamcode\\src\\Dmcl\\AppBundle\\Repository\\RegUserLogRepository.php on line 28 at E:\\freelancer_project\\max_sweden\\xtreamcode\\src\\Dmcl\\AppBundle\\Services\\Paginator.php:24)"} []
[2018-10-15 11:41:46] security.DEBUG: Stored the security token in the session. {"key":"_security_main"} []
[2018-10-15 11:42:22] request.INFO: Matched route "logs_ajax". {"route_parameters":{"_controller":"Dmcl\\AppBundle\\Controller\\Admin\\LogsController::ajaxAction","_locale":"en","_route":"logs_ajax"},"request_uri":"http://localhost:8000/en/admin/logs/ajax"} []
[2018-10-15 11:42:22] security.DEBUG: Read existing security token from the session. {"key":"_security_main"} []
[2018-10-15 11:42:24] security.DEBUG: User was reloaded from a user provider. {"username":"mariaadashboard","provider":"Symfony\\Bridge\\Doctrine\\Security\\User\\EntityUserProvider"} []
[2018-10-15 11:42:26] request.CRITICAL: Uncaught PHP Exception Symfony\Component\Debug\Exception\ClassNotFoundException: "Attempted to load class "Paginator" from the global namespace. Did you forget a "use" statement for e.g. "Ideup\SimplePaginatorBundle\Paginator\Paginator" or "Doctrine\ORM\Tools\Pagination\Paginator"?" at E:\freelancer_project\max_sweden\xtreamcode\src\Dmcl\AppBundle\Repository\RegUserLogRepository.php line 37 {"exception":"[object] (Symfony\\Component\\Debug\\Exception\\ClassNotFoundException(code: 0): Attempted to load class \"Paginator\" from the global namespace.\nDid you forget a \"use\" statement for e.g. \"Ideup\\SimplePaginatorBundle\\Paginator\\Paginator\" or \"Doctrine\\ORM\\Tools\\Pagination\\Paginator\"? at E:\\freelancer_project\\max_sweden\\xtreamcode\\src\\Dmcl\\AppBundle\\Repository\\RegUserLogRepository.php:37)"} []
[2018-10-15 11:42:26] security.DEBUG: Stored the security token in the session. {"key":"_security_main"} []
[2018-10-15 11:42:26] request.INFO: Matched route "logs_ajax". {"route_parameters":{"_controller":"Dmcl\\AppBundle\\Controller\\Admin\\LogsController::ajaxAction","_locale":"en","_route":"logs_ajax"},"request_uri":"http://localhost:8000/en/admin/logs/ajax"} []
[2018-10-15 11:42:26] security.DEBUG: Read existing security token from the session. {"key":"_security_main"} []
[2018-10-15 11:42:28] security.DEBUG: User was reloaded from a user provider. {"username":"mariaadashboard","provider":"Symfony\\Bridge\\Doctrine\\Security\\User\\EntityUserProvider"} []
[2018-10-15 11:42:29] request.CRITICAL: Uncaught PHP Exception Symfony\Component\Debug\Exception\ClassNotFoundException: "Attempted to load class "Paginator" from the global namespace. Did you forget a "use" statement for e.g. "Ideup\SimplePaginatorBundle\Paginator\Paginator" or "Doctrine\ORM\Tools\Pagination\Paginator"?" at E:\freelancer_project\max_sweden\xtreamcode\src\Dmcl\AppBundle\Repository\RegUserLogRepository.php line 37 {"exception":"[object] (Symfony\\Component\\Debug\\Exception\\ClassNotFoundException(code: 0): Attempted to load class \"Paginator\" from the global namespace.\nDid you forget a \"use\" statement for e.g. \"Ideup\\SimplePaginatorBundle\\Paginator\\Paginator\" or \"Doctrine\\ORM\\Tools\\Pagination\\Paginator\"? at E:\\freelancer_project\\max_sweden\\xtreamcode\\src\\Dmcl\\AppBundle\\Repository\\RegUserLogRepository.php:37)"} []
[2018-10-15 11:42:29] security.DEBUG: Stored the security token in the session. {"key":"_security_main"} []
[2018-10-15 11:51:50] request.ERROR: Uncaught PHP Exception Symfony\Component\HttpKernel\Exception\NotFoundHttpException: "No route found for "GET /en/admin/stream"" at E:\freelancer_project\max_sweden\xtreamcode\app\cache\prod\classes.php line 2069 {"exception":"[object] (Symfony\\Component\\HttpKernel\\Exception\\NotFoundHttpException(code: 0): No route found for \"GET /en/admin/stream\" at E:\\freelancer_project\\max_sweden\\xtreamcode\\app\\cache\\prod\\classes.php:2069, Symfony\\Component\\Routing\\Exception\\ResourceNotFoundException(code: 0):  at E:\\freelancer_project\\max_sweden\\xtreamcode\\app\\cache\\prod\\appProdProjectContainerUrlMatcher.php:1368)"} []
